2026-03-07 06:15:25,690 - database - INFO - ✅ Database initialized successfully
2026-03-07 06:15:31,372 - httpx - INFO - HTTP Request: POST https://rpc.monad.xyz "HTTP/2 200 OK"
2026-03-07 06:15:31,575 - httpx - INFO - HTTP Request: POST https://rpc.monad.xyz "HTTP/2 200 OK"
2026-03-07 06:15:31,777 - httpx - INFO - HTTP Request: POST https://rpc.monad.xyz "HTTP/2 200 OK"
2026-03-07 06:15:31,778 - wallet_manager - ERROR - ❌ Failed to initialize Sui client: 'result'
2026-03-07 06:15:53,934 - database - INFO - ✅ Database initialized successfully
2026-03-07 06:15:59,825 - httpx - INFO - HTTP Request: POST https://fullnode.mainnet.sui.io "HTTP/2 200 OK"
2026-03-07 06:16:00,456 - httpx - INFO - HTTP Request: POST https://fullnode.mainnet.sui.io "HTTP/2 200 OK"
2026-03-07 06:16:00,669 - httpx - INFO - HTTP Request: POST https://fullnode.mainnet.sui.io "HTTP/2 200 OK"
2026-03-07 06:16:00,786 - wallet_manager - INFO - ✅ Connected to Sui Node at https://fullnode.mainnet.sui.io:443
2026-03-07 06:16:01,506 - wallet_manager - ERROR - ❌ Invalid MAIN_WALLET_PRIVATE_KEY: Failed to extract address: {"error":"Invalid checksum in 7afe1625f3ff2a824077ade77661663f79043ddbc6eb70630f963a6017888a08: expected \"0856d2\""}
2026-03-07 06:16:22,450 - database - INFO - ✅ Database initialized successfully
2026-03-07 06:16:23,107 - httpx - INFO - HTTP Request: POST https://fullnode.mainnet.sui.io "HTTP/2 200 OK"
2026-03-07 06:16:23,718 - httpx - INFO - HTTP Request: POST https://fullnode.mainnet.sui.io "HTTP/2 200 OK"
2026-03-07 06:16:23,991 - httpx - INFO - HTTP Request: POST https://fullnode.mainnet.sui.io "HTTP/2 200 OK"
2026-03-07 06:16:24,206 - wallet_manager - INFO - ✅ Connected to Sui Node at https://fullnode.mainnet.sui.io:443
2026-03-07 06:16:24,978 - wallet_manager - INFO - ✅ Main wallet loaded: 0xe3948af97a34c86023e7b855b6838fcfcc1a331b35d296d9b7dd326fbaa45179
2026-03-07 06:16:25,759 - wallet_manager - INFO - ✅ Sub-wallet 1 loaded: 0xe3948af97a34c86023e7b855b6838fcfcc1a331b35d296d9b7dd326fbaa45179
2026-03-07 06:16:26,535 - wallet_manager - INFO - ✅ Sub-wallet 2 loaded: 0x3891858ece402d7b184521a5a64e925db2542377ccfab0e14f2c00b43b311c53
2026-03-07 06:16:27,319 - wallet_manager - INFO - ✅ Sub-wallet 3 loaded: 0x4171859b36004519aa0660ac55444493a4441cd88c2b7e5ec13427a4ed4ba81f
2026-03-07 06:16:28,084 - wallet_manager - INFO - ✅ Sub-wallet 4 loaded: 0x7a0bcdcbc48727d7b63593a8b04b1a647758b7e5cc2d51ab028b472f58727648
2026-03-07 06:16:28,859 - wallet_manager - INFO - ✅ Sub-wallet 5 loaded: 0x20cbdcaac8c8d9b430040686b86e37cbaec9a48401a76af14e12ccdd6d05ee6e
2026-03-07 06:16:28,860 - wallet_manager - INFO - 💰 Main wallet: 0xe3948af97a34c86023e7b855b6838fcfcc1a331b35d296d9b7dd326fbaa45179
2026-03-07 06:16:28,860 - wallet_manager - INFO - 💸 Fee wallet: 0x0f02f9894bed1234e6d72fB75F2DdDA1EE047543
2026-03-07 06:16:28,860 - wallet_manager - INFO - 📱 5 sub-wallets loaded
2026-03-07 06:16:28,860 - volume_engine - WARNING - ⚠️  WARNING: Trading at 70.00% per trade - HIGH RISK!
2026-03-07 06:16:28,860 - volume_engine - INFO - ✅ Volume Engine initialized - Handles BUY→SELL on all 5 wallets
2026-03-07 06:16:28,860 - bot - INFO - ✅ Sui Volume Bot initialized
2026-03-07 06:16:28,860 - bot - INFO - 💰 Main wallet: 0xe3948af97a34c86023e7b855b6838fcfcc1a331b35d296d9b7dd326fbaa45179
2026-03-07 06:16:28,860 - bot - INFO - 💸 Fee wallet: 0x0f02f9894bed1234e6d72fB75F2DdDA1EE047543
2026-03-07 06:16:28,861 - database - INFO - ✅ Database initialized successfully
2026-03-07 06:16:28,861 - bot - INFO - ✅ Database initialized
2026-03-07 06:16:28,861 - bot - INFO - 📦 Initialization complete
2026-03-07 06:20:39,788 - database - INFO - ✅ Database initialized successfully
2026-03-07 06:20:47,494 - httpx - INFO - HTTP Request: POST https://fullnode.mainnet.sui.io "HTTP/2 200 OK"
2026-03-07 06:20:50,094 - httpx - INFO - HTTP Request: POST https://fullnode.mainnet.sui.io "HTTP/2 200 OK"
2026-03-07 06:20:50,558 - httpx - INFO - HTTP Request: POST https://fullnode.mainnet.sui.io "HTTP/2 200 OK"
2026-03-07 06:20:50,876 - wallet_manager - INFO - ✅ Connected to Sui Node at https://fullnode.mainnet.sui.io:443
2026-03-07 06:20:51,658 - wallet_manager - INFO - ✅ Main wallet loaded: 0xe3948af97a34c86023e7b855b6838fcfcc1a331b35d296d9b7dd326fbaa45179
2026-03-07 06:20:52,455 - wallet_manager - INFO - ✅ Sub-wallet 1 loaded: 0xe3948af97a34c86023e7b855b6838fcfcc1a331b35d296d9b7dd326fbaa45179
2026-03-07 06:20:53,253 - wallet_manager - INFO - ✅ Sub-wallet 2 loaded: 0x3891858ece402d7b184521a5a64e925db2542377ccfab0e14f2c00b43b311c53
2026-03-07 06:20:54,033 - wallet_manager - INFO - ✅ Sub-wallet 3 loaded: 0x4171859b36004519aa0660ac55444493a4441cd88c2b7e5ec13427a4ed4ba81f
2026-03-07 06:20:54,819 - wallet_manager - INFO - ✅ Sub-wallet 4 loaded: 0x7a0bcdcbc48727d7b63593a8b04b1a647758b7e5cc2d51ab028b472f58727648
2026-03-07 06:20:55,597 - wallet_manager - INFO - ✅ Sub-wallet 5 loaded: 0x20cbdcaac8c8d9b430040686b86e37cbaec9a48401a76af14e12ccdd6d05ee6e
2026-03-07 06:20:55,597 - wallet_manager - INFO - 💰 Main wallet: 0xe3948af97a34c86023e7b855b6838fcfcc1a331b35d296d9b7dd326fbaa45179
2026-03-07 06:20:55,597 - wallet_manager - INFO - 💸 Fee wallet: 0x0f02f9894bed1234e6d72fB75F2DdDA1EE047543
2026-03-07 06:20:55,597 - wallet_manager - INFO - 📱 5 sub-wallets loaded
2026-03-07 06:20:55,597 - volume_engine - WARNING - ⚠️  WARNING: Trading at 70.00% per trade - HIGH RISK!
2026-03-07 06:20:55,598 - volume_engine - INFO - ✅ Volume Engine initialized - Handles BUY→SELL on all 5 wallets
2026-03-07 06:20:55,598 - __main__ - INFO - ✅ Sui Volume Bot initialized
2026-03-07 06:20:55,598 - __main__ - INFO - 💰 Main wallet: 0xe3948af97a34c86023e7b855b6838fcfcc1a331b35d296d9b7dd326fbaa45179
2026-03-07 06:20:55,598 - __main__ - INFO - 💸 Fee wallet: 0x0f02f9894bed1234e6d72fB75F2DdDA1EE047543
2026-03-07 06:20:55,599 - database - INFO - ✅ Database initialized successfully
2026-03-07 06:20:55,599 - __main__ - INFO - ✅ Database initialized
2026-03-07 06:20:55,599 - __main__ - INFO - 📦 Initialization complete
2026-03-07 06:20:55,625 - __main__ - INFO - 🚀 Sui Volume Bot starting...
2026-03-07 06:20:55,625 - __main__ - INFO - ⚡ Trading Strategy: 70% per trade, 1-minute intervals
2026-03-07 06:20:55,625 - __main__ - INFO - 💰 Minimum deposit: 2,000 SUI
2026-03-07 06:20:55,625 - __main__ - INFO - 💸 Fixed fee: 500 SUI
2026-03-07 06:20:58,617 - httpx - INFO - HTTP Request: POST https://api.telegram.org/bot7915050099:AAH7egTXgsfZXInw02_yNqOm_B57pb20OpU/getMe "HTTP/1.1 200 OK"
2026-03-07 06:20:59,100 - httpx - INFO - HTTP Request: POST https://api.telegram.org/bot7915050099:AAH7egTXgsfZXInw02_yNqOm_B57pb20OpU/deleteWebhook "HTTP/1.1 200 OK"
2026-03-07 06:20:59,104 - telegram.ext.Application - INFO - Application started
2026-03-07 06:21:11,038 - httpx - INFO - HTTP Request: POST https://api.telegram.org/bot7915050099:AAH7egTXgsfZXInw02_yNqOm_B57pb20OpU/getUpdates "HTTP/1.1 200 OK"
2026-03-07 06:21:21,579 - httpx - INFO - HTTP Request: POST https://api.telegram.org/bot7915050099:AAH7egTXgsfZXInw02_yNqOm_B57pb20OpU/getUpdates "HTTP/1.1 200 OK"
2026-03-07 06:21:31,817 - httpx - INFO - HTTP Request: POST https://api.telegram.org/bot7915050099:AAH7egTXgsfZXInw02_yNqOm_B57pb20OpU/getUpdates "HTTP/1.1 200 OK"
2026-03-07 06:21:42,554 - httpx - INFO - HTTP Request: POST https://api.telegram.org/bot7915050099:AAH7egTXgsfZXInw02_yNqOm_B57pb20OpU/getUpdates "HTTP/1.1 200 OK"
2026-03-07 06:21:53,205 - httpx - INFO - HTTP Request: POST https://api.telegram.org/bot7915050099:AAH7egTXgsfZXInw02_yNqOm_B57pb20OpU/getUpdates "HTTP/1.1 200 OK"
2026-03-07 06:22:03,459 - httpx - INFO - HTTP Request: POST https://api.telegram.org/bot7915050099:AAH7egTXgsfZXInw02_yNqOm_B57pb20OpU/getUpdates "HTTP/1.1 200 OK"
2026-03-07 06:22:13,666 - httpx - INFO - HTTP Request: POST https://api.telegram.org/bot7915050099:AAH7egTXgsfZXInw02_yNqOm_B57pb20OpU/getUpdates "HTTP/1.1 200 OK"
2026-03-07 06:22:23,856 - httpx - INFO - HTTP Request: POST https://api.telegram.org/bot7915050099:AAH7egTXgsfZXInw02_yNqOm_B57pb20OpU/getUpdates "HTTP/1.1 200 OK"
2026-03-07 06:22:34,078 - httpx - INFO - HTTP Request: POST https://api.telegram.org/bot7915050099:AAH7egTXgsfZXInw02_yNqOm_B57pb20OpU/getUpdates "HTTP/1.1 200 OK"
2026-03-07 06:22:44,273 - httpx - INFO - HTTP Request: POST https://api.telegram.org/bot7915050099:AAH7egTXgsfZXInw02_yNqOm_B57pb20OpU/getUpdates "HTTP/1.1 200 OK"
2026-03-07 06:22:54,774 - httpx - INFO - HTTP Request: POST https://api.telegram.org/bot7915050099:AAH7egTXgsfZXInw02_yNqOm_B57pb20OpU/getUpdates "HTTP/1.1 200 OK"
2026-03-07 06:23:05,059 - httpx - INFO - HTTP Request: POST https://api.telegram.org/bot7915050099:AAH7egTXgsfZXInw02_yNqOm_B57pb20OpU/getUpdates "HTTP/1.1 200 OK"
2026-03-07 06:23:15,254 - httpx - INFO - HTTP Request: POST https://api.telegram.org/bot7915050099:AAH7egTXgsfZXInw02_yNqOm_B57pb20OpU/getUpdates "HTTP/1.1 200 OK"
2026-03-07 06:23:25,448 - httpx - INFO - HTTP Request: POST https://api.telegram.org/bot7915050099:AAH7egTXgsfZXInw02_yNqOm_B57pb20OpU/getUpdates "HTTP/1.1 200 OK"
2026-03-07 06:23:36,967 - httpx - INFO - HTTP Request: POST https://api.telegram.org/bot7915050099:AAH7egTXgsfZXInw02_yNqOm_B57pb20OpU/getUpdates "HTTP/1.1 200 OK"
2026-03-07 06:23:47,166 - httpx - INFO - HTTP Request: POST https://api.telegram.org/bot7915050099:AAH7egTXgsfZXInw02_yNqOm_B57pb20OpU/getUpdates "HTTP/1.1 200 OK"
2026-03-07 06:23:57,364 - httpx - INFO - HTTP Request: POST https://api.telegram.org/bot7915050099:AAH7egTXgsfZXInw02_yNqOm_B57pb20OpU/getUpdates "HTTP/1.1 200 OK"
2026-03-07 06:24:07,665 - httpx - INFO - HTTP Request: POST https://api.telegram.org/bot7915050099:AAH7egTXgsfZXInw02_yNqOm_B57pb20OpU/getUpdates "HTTP/1.1 200 OK"
2026-03-07 06:24:17,879 - httpx - INFO - HTTP Request: POST https://api.telegram.org/bot7915050099:AAH7egTXgsfZXInw02_yNqOm_B57pb20OpU/getUpdates "HTTP/1.1 200 OK"
2026-03-07 06:24:28,076 - httpx - INFO - HTTP Request: POST https://api.telegram.org/bot7915050099:AAH7egTXgsfZXInw02_yNqOm_B57pb20OpU/getUpdates "HTTP/1.1 200 OK"
2026-03-07 06:24:38,511 - httpx - INFO - HTTP Request: POST https://api.telegram.org/bot7915050099:AAH7egTXgsfZXInw02_yNqOm_B57pb20OpU/getUpdates "HTTP/1.1 200 OK"
2026-03-07 06:24:48,715 - httpx - INFO - HTTP Request: POST https://api.telegram.org/bot7915050099:AAH7egTXgsfZXInw02_yNqOm_B57pb20OpU/getUpdates "HTTP/1.1 200 OK"
2026-03-07 06:24:58,953 - httpx - INFO - HTTP Request: POST https://api.telegram.org/bot7915050099:AAH7egTXgsfZXInw02_yNqOm_B57pb20OpU/getUpdates "HTTP/1.1 200 OK"
2026-03-07 06:25:09,193 - httpx - INFO - HTTP Request: POST https://api.telegram.org/bot7915050099:AAH7egTXgsfZXInw02_yNqOm_B57pb20OpU/getUpdates "HTTP/1.1 200 OK"
2026-03-07 06:25:19,442 - httpx - INFO - HTTP Request: POST https://api.telegram.org/bot7915050099:AAH7egTXgsfZXInw02_yNqOm_B57pb20OpU/getUpdates "HTTP/1.1 200 OK"
2026-03-07 06:25:30,236 - httpx - INFO - HTTP Request: POST https://api.telegram.org/bot7915050099:AAH7egTXgsfZXInw02_yNqOm_B57pb20OpU/getUpdates "HTTP/1.1 200 OK"
2026-03-07 06:25:40,445 - httpx - INFO - HTTP Request: POST https://api.telegram.org/bot7915050099:AAH7egTXgsfZXInw02_yNqOm_B57pb20OpU/getUpdates "HTTP/1.1 200 OK"
2026-03-07 06:25:50,685 - httpx - INFO - HTTP Request: POST https://api.telegram.org/bot7915050099:AAH7egTXgsfZXInw02_yNqOm_B57pb20OpU/getUpdates "HTTP/1.1 200 OK"
2026-03-07 06:26:00,925 - httpx - INFO - HTTP Request: POST https://api.telegram.org/bot7915050099:AAH7egTXgsfZXInw02_yNqOm_B57pb20OpU/getUpdates "HTTP/1.1 200 OK"
2026-03-07 06:26:11,147 - httpx - INFO - HTTP Request: POST https://api.telegram.org/bot7915050099:AAH7egTXgsfZXInw02_yNqOm_B57pb20OpU/getUpdates "HTTP/1.1 200 OK"
2026-03-07 06:26:21,406 - httpx - INFO - HTTP Request: POST https://api.telegram.org/bot7915050099:AAH7egTXgsfZXInw02_yNqOm_B57pb20OpU/getUpdates "HTTP/1.1 200 OK"
2026-03-07 06:26:31,647 - httpx - INFO - HTTP Request: POST https://api.telegram.org/bot7915050099:AAH7egTXgsfZXInw02_yNqOm_B57pb20OpU/getUpdates "HTTP/1.1 200 OK"
2026-03-07 06:26:41,987 - httpx - INFO - HTTP Request: POST https://api.telegram.org/bot7915050099:AAH7egTXgsfZXInw02_yNqOm_B57pb20OpU/getUpdates "HTTP/1.1 200 OK"
2026-03-07 06:26:52,736 - httpx - INFO - HTTP Request: POST https://api.telegram.org/bot7915050099:AAH7egTXgsfZXInw02_yNqOm_B57pb20OpU/getUpdates "HTTP/1.1 200 OK"
2026-03-07 06:27:02,979 - httpx - INFO - HTTP Request: POST https://api.telegram.org/bot7915050099:AAH7egTXgsfZXInw02_yNqOm_B57pb20OpU/getUpdates "HTTP/1.1 200 OK"
2026-03-07 06:27:13,220 - httpx - INFO - HTTP Request: POST https://api.telegram.org/bot7915050099:AAH7egTXgsfZXInw02_yNqOm_B57pb20OpU/getUpdates "HTTP/1.1 200 OK"
2026-03-07 06:27:23,686 - httpx - INFO - HTTP Request: POST https://api.telegram.org/bot7915050099:AAH7egTXgsfZXInw02_yNqOm_B57pb20OpU/getUpdates "HTTP/1.1 200 OK"
2026-03-07 06:27:33,907 - httpx - INFO - HTTP Request: POST https://api.telegram.org/bot7915050099:AAH7egTXgsfZXInw02_yNqOm_B57pb20OpU/getUpdates "HTTP/1.1 200 OK"
2026-03-07 06:27:44,102 - httpx - INFO - HTTP Request: POST https://api.telegram.org/bot7915050099:AAH7egTXgsfZXInw02_yNqOm_B57pb20OpU/getUpdates "HTTP/1.1 200 OK"
2026-03-07 06:27:54,413 - httpx - INFO - HTTP Request: POST https://api.telegram.org/bot7915050099:AAH7egTXgsfZXInw02_yNqOm_B57pb20OpU/getUpdates "HTTP/1.1 200 OK"
2026-03-07 06:28:04,610 - httpx - INFO - HTTP Request: POST https://api.telegram.org/bot7915050099:AAH7egTXgsfZXInw02_yNqOm_B57pb20OpU/getUpdates "HTTP/1.1 200 OK"
2026-03-07 06:28:06,964 - httpx - INFO - HTTP Request: POST https://api.telegram.org/bot7915050099:AAH7egTXgsfZXInw02_yNqOm_B57pb20OpU/getUpdates "HTTP/1.1 200 OK"
2026-03-07 06:28:07,601 - httpx - INFO - HTTP Request: POST https://api.telegram.org/bot7915050099:AAH7egTXgsfZXInw02_yNqOm_B57pb20OpU/answerCallbackQuery "HTTP/1.1 200 OK"
2026-03-07 06:28:07,603 - wallet_manager - ERROR - ❌ Error getting SUI balance for 0xe3948af97a34c86023e7b855b6838fcfcc1a331b35d296d9b7dd326fbaa45179: 'SuiNullType' object has no attribute 'owner'
2026-03-07 06:28:07,801 - httpx - INFO - HTTP Request: POST https://api.telegram.org/bot7915050099:AAH7egTXgsfZXInw02_yNqOm_B57pb20OpU/editMessageText "HTTP/1.1 200 OK"
2026-03-07 06:28:14,728 - httpx - INFO - HTTP Request: POST https://api.telegram.org/bot7915050099:AAH7egTXgsfZXInw02_yNqOm_B57pb20OpU/getUpdates "HTTP/1.1 200 OK"
2026-03-07 06:28:15,353 - httpx - INFO - HTTP Request: POST https://api.telegram.org/bot7915050099:AAH7egTXgsfZXInw02_yNqOm_B57pb20OpU/answerCallbackQuery "HTTP/1.1 200 OK"
2026-03-07 06:28:15,357 - wallet_manager - ERROR - ❌ Error getting SUI balance for 0xe3948af97a34c86023e7b855b6838fcfcc1a331b35d296d9b7dd326fbaa45179: cannot access local variable 'result' where it is not associated with a value
2026-03-07 06:28:15,586 - httpx - INFO - HTTP Request: POST https://api.telegram.org/bot7915050099:AAH7egTXgsfZXInw02_yNqOm_B57pb20OpU/editMessageText "HTTP/1.1 200 OK"
2026-03-07 06:28:17,422 - httpx - INFO - HTTP Request: POST https://api.telegram.org/bot7915050099:AAH7egTXgsfZXInw02_yNqOm_B57pb20OpU/getUpdates "HTTP/1.1 200 OK"
2026-03-07 06:28:17,621 - httpx - INFO - HTTP Request: POST https://api.telegram.org/bot7915050099:AAH7egTXgsfZXInw02_yNqOm_B57pb20OpU/answerCallbackQuery "HTTP/1.1 200 OK"
2026-03-07 06:28:17,622 - wallet_manager - ERROR - ❌ Error getting SUI balance for 0xe3948af97a34c86023e7b855b6838fcfcc1a331b35d296d9b7dd326fbaa45179: cannot access local variable 'result' where it is not associated with a value
2026-03-07 06:28:17,850 - httpx - INFO - HTTP Request: POST https://api.telegram.org/bot7915050099:AAH7egTXgsfZXInw02_yNqOm_B57pb20OpU/sendMessage "HTTP/1.1 200 OK"
2026-03-07 06:28:27,629 - httpx - INFO - HTTP Request: POST https://api.telegram.org/bot7915050099:AAH7egTXgsfZXInw02_yNqOm_B57pb20OpU/getUpdates "HTTP/1.1 200 OK"
2026-03-07 06:28:37,889 - httpx - INFO - HTTP Request: POST https://api.telegram.org/bot7915050099:AAH7egTXgsfZXInw02_yNqOm_B57pb20OpU/getUpdates "HTTP/1.1 200 OK"
2026-03-07 06:28:48,699 - httpx - INFO - HTTP Request: POST https://api.telegram.org/bot7915050099:AAH7egTXgsfZXInw02_yNqOm_B57pb20OpU/getUpdates "HTTP/1.1 200 OK"
2026-03-07 06:28:58,904 - httpx - INFO - HTTP Request: POST https://api.telegram.org/bot7915050099:AAH7egTXgsfZXInw02_yNqOm_B57pb20OpU/getUpdates "HTTP/1.1 200 OK"
2026-03-07 06:29:09,133 - httpx - INFO - HTTP Request: POST https://api.telegram.org/bot7915050099:AAH7egTXgsfZXInw02_yNqOm_B57pb20OpU/getUpdates "HTTP/1.1 200 OK"
2026-03-07 06:29:20,419 - httpx - INFO - HTTP Request: POST https://api.telegram.org/bot7915050099:AAH7egTXgsfZXInw02_yNqOm_B57pb20OpU/getUpdates "HTTP/1.1 200 OK"
2026-03-07 06:29:30,639 - httpx - INFO - HTTP Request: POST https://api.telegram.org/bot7915050099:AAH7egTXgsfZXInw02_yNqOm_B57pb20OpU/getUpdates "HTTP/1.1 200 OK"
2026-03-07 06:29:41,222 - httpx - INFO - HTTP Request: POST https://api.telegram.org/bot7915050099:AAH7egTXgsfZXInw02_yNqOm_B57pb20OpU/getUpdates "HTTP/1.1 200 OK"
2026-03-07 06:29:51,883 - httpx - INFO - HTTP Request: POST https://api.telegram.org/bot7915050099:AAH7egTXgsfZXInw02_yNqOm_B57pb20OpU/getUpdates "HTTP/1.1 200 OK"
2026-03-07 06:30:02,093 - httpx - INFO - HTTP Request: POST https://api.telegram.org/bot7915050099:AAH7egTXgsfZXInw02_yNqOm_B57pb20OpU/getUpdates "HTTP/1.1 200 OK"
2026-03-07 06:30:12,430 - httpx - INFO - HTTP Request: POST https://api.telegram.org/bot7915050099:AAH7egTXgsfZXInw02_yNqOm_B57pb20OpU/getUpdates "HTTP/1.1 200 OK"
2026-03-07 06:30:22,640 - httpx - INFO - HTTP Request: POST https://api.telegram.org/bot7915050099:AAH7egTXgsfZXInw02_yNqOm_B57pb20OpU/getUpdates "HTTP/1.1 200 OK"
2026-03-07 06:30:34,959 - httpx - INFO - HTTP Request: POST https://api.telegram.org/bot7915050099:AAH7egTXgsfZXInw02_yNqOm_B57pb20OpU/getUpdates "HTTP/1.1 200 OK"
2026-03-07 06:30:46,313 - httpx - INFO - HTTP Request: POST https://api.telegram.org/bot7915050099:AAH7egTXgsfZXInw02_yNqOm_B57pb20OpU/getUpdates "HTTP/1.1 200 OK"
2026-03-07 06:30:56,553 - httpx - INFO - HTTP Request: POST https://api.telegram.org/bot7915050099:AAH7egTXgsfZXInw02_yNqOm_B57pb20OpU/getUpdates "HTTP/1.1 200 OK"
2026-03-07 06:31:06,761 - httpx - INFO - HTTP Request: POST https://api.telegram.org/bot7915050099:AAH7egTXgsfZXInw02_yNqOm_B57pb20OpU/getUpdates "HTTP/1.1 200 OK"
2026-03-07 06:31:17,033 - httpx - INFO - HTTP Request: POST https://api.telegram.org/bot7915050099:AAH7egTXgsfZXInw02_yNqOm_B57pb20OpU/getUpdates "HTTP/1.1 200 OK"
2026-03-07 06:31:27,273 - httpx - INFO - HTTP Request: POST https://api.telegram.org/bot7915050099:AAH7egTXgsfZXInw02_yNqOm_B57pb20OpU/getUpdates "HTTP/1.1 200 OK"
2026-03-07 06:31:37,517 - httpx - INFO - HTTP Request: POST https://api.telegram.org/bot7915050099:AAH7egTXgsfZXInw02_yNqOm_B57pb20OpU/getUpdates "HTTP/1.1 200 OK"
2026-03-07 06:31:47,753 - httpx - INFO - HTTP Request: POST https://api.telegram.org/bot7915050099:AAH7egTXgsfZXInw02_yNqOm_B57pb20OpU/getUpdates "HTTP/1.1 200 OK"
2026-03-07 06:31:57,993 - httpx - INFO - HTTP Request: POST https://api.telegram.org/bot7915050099:AAH7egTXgsfZXInw02_yNqOm_B57pb20OpU/getUpdates "HTTP/1.1 200 OK"
2026-03-07 06:32:08,434 - httpx - INFO - HTTP Request: POST https://api.telegram.org/bot7915050099:AAH7egTXgsfZXInw02_yNqOm_B57pb20OpU/getUpdates "HTTP/1.1 200 OK"
2026-03-07 06:32:19,066 - httpx - INFO - HTTP Request: POST https://api.telegram.org/bot7915050099:AAH7egTXgsfZXInw02_yNqOm_B57pb20OpU/getUpdates "HTTP/1.1 200 OK"
2026-03-07 06:32:29,327 - httpx - INFO - HTTP Request: POST https://api.telegram.org/bot7915050099:AAH7egTXgsfZXInw02_yNqOm_B57pb20OpU/getUpdates "HTTP/1.1 200 OK"
2026-03-07 06:32:39,567 - httpx - INFO - HTTP Request: POST https://api.telegram.org/bot7915050099:AAH7egTXgsfZXInw02_yNqOm_B57pb20OpU/getUpdates "HTTP/1.1 200 OK"
2026-03-07 06:32:49,886 - httpx - INFO - HTTP Request: POST https://api.telegram.org/bot7915050099:AAH7egTXgsfZXInw02_yNqOm_B57pb20OpU/getUpdates "HTTP/1.1 200 OK"
2026-03-07 06:33:00,151 - httpx - INFO - HTTP Request: POST https://api.telegram.org/bot7915050099:AAH7egTXgsfZXInw02_yNqOm_B57pb20OpU/getUpdates "HTTP/1.1 200 OK"
2026-03-07 06:33:10,391 - httpx - INFO - HTTP Request: POST https://api.telegram.org/bot7915050099:AAH7egTXgsfZXInw02_yNqOm_B57pb20OpU/getUpdates "HTTP/1.1 200 OK"
2026-03-07 06:33:20,630 - httpx - INFO - HTTP Request: POST https://api.telegram.org/bot7915050099:AAH7egTXgsfZXInw02_yNqOm_B57pb20OpU/getUpdates "HTTP/1.1 200 OK"
2026-03-07 06:33:30,870 - httpx - INFO - HTTP Request: POST https://api.telegram.org/bot7915050099:AAH7egTXgsfZXInw02_yNqOm_B57pb20OpU/getUpdates "HTTP/1.1 200 OK"
2026-03-07 06:33:41,065 - httpx - INFO - HTTP Request: POST https://api.telegram.org/bot7915050099:AAH7egTXgsfZXInw02_yNqOm_B57pb20OpU/getUpdates "HTTP/1.1 200 OK"
2026-03-07 06:33:51,455 - httpx - INFO - HTTP Request: POST https://api.telegram.org/bot7915050099:AAH7egTXgsfZXInw02_yNqOm_B57pb20OpU/getUpdates "HTTP/1.1 200 OK"
2026-03-07 06:34:01,794 - httpx - INFO - HTTP Request: POST https://api.telegram.org/bot7915050099:AAH7egTXgsfZXInw02_yNqOm_B57pb20OpU/getUpdates "HTTP/1.1 200 OK"
2026-03-07 06:34:12,035 - httpx - INFO - HTTP Request: POST https://api.telegram.org/bot7915050099:AAH7egTXgsfZXInw02_yNqOm_B57pb20OpU/getUpdates "HTTP/1.1 200 OK"
2026-03-07 06:34:22,309 - httpx - INFO - HTTP Request: POST https://api.telegram.org/bot7915050099:AAH7egTXgsfZXInw02_yNqOm_B57pb20OpU/getUpdates "HTTP/1.1 200 OK"
2026-03-07 06:34:33,542 - httpx - INFO - HTTP Request: POST https://api.telegram.org/bot7915050099:AAH7egTXgsfZXInw02_yNqOm_B57pb20OpU/getUpdates "HTTP/1.1 200 OK"
2026-03-07 06:34:43,778 - httpx - INFO - HTTP Request: POST https://api.telegram.org/bot7915050099:AAH7egTXgsfZXInw02_yNqOm_B57pb20OpU/getUpdates "HTTP/1.1 200 OK"
2026-03-07 06:34:54,019 - httpx - INFO - HTTP Request: POST https://api.telegram.org/bot7915050099:AAH7egTXgsfZXInw02_yNqOm_B57pb20OpU/getUpdates "HTTP/1.1 200 OK"
2026-03-07 06:35:04,258 - httpx - INFO - HTTP Request: POST https://api.telegram.org/bot7915050099:AAH7egTXgsfZXInw02_yNqOm_B57pb20OpU/getUpdates "HTTP/1.1 200 OK"
2026-03-07 06:35:17,468 - httpx - INFO - HTTP Request: POST https://api.telegram.org/bot7915050099:AAH7egTXgsfZXInw02_yNqOm_B57pb20OpU/getUpdates "HTTP/1.1 200 OK"
2026-03-07 06:35:27,690 - httpx - INFO - HTTP Request: POST https://api.telegram.org/bot7915050099:AAH7egTXgsfZXInw02_yNqOm_B57pb20OpU/getUpdates "HTTP/1.1 200 OK"
2026-03-07 06:35:37,948 - httpx - INFO - HTTP Request: POST https://api.telegram.org/bot7915050099:AAH7egTXgsfZXInw02_yNqOm_B57pb20OpU/getUpdates "HTTP/1.1 200 OK"
2026-03-07 06:35:48,188 - httpx - INFO - HTTP Request: POST https://api.telegram.org/bot7915050099:AAH7egTXgsfZXInw02_yNqOm_B57pb20OpU/getUpdates "HTTP/1.1 200 OK"
2026-03-07 06:35:58,433 - httpx - INFO - HTTP Request: POST https://api.telegram.org/bot7915050099:AAH7egTXgsfZXInw02_yNqOm_B57pb20OpU/getUpdates "HTTP/1.1 200 OK"
2026-03-07 06:36:08,667 - httpx - INFO - HTTP Request: POST https://api.telegram.org/bot7915050099:AAH7egTXgsfZXInw02_yNqOm_B57pb20OpU/getUpdates "HTTP/1.1 200 OK"
2026-03-07 06:36:18,908 - httpx - INFO - HTTP Request: POST https://api.telegram.org/bot7915050099:AAH7egTXgsfZXInw02_yNqOm_B57pb20OpU/getUpdates "HTTP/1.1 200 OK"
2026-03-07 06:36:29,148 - httpx - INFO - HTTP Request: POST https://api.telegram.org/bot7915050099:AAH7egTXgsfZXInw02_yNqOm_B57pb20OpU/getUpdates "HTTP/1.1 200 OK"
2026-03-07 06:36:39,388 - httpx - INFO - HTTP Request: POST https://api.telegram.org/bot7915050099:AAH7egTXgsfZXInw02_yNqOm_B57pb20OpU/getUpdates "HTTP/1.1 200 OK"
2026-03-07 06:36:49,629 - httpx - INFO - HTTP Request: POST https://api.telegram.org/bot7915050099:AAH7egTXgsfZXInw02_yNqOm_B57pb20OpU/getUpdates "HTTP/1.1 200 OK"
2026-03-07 06:36:59,871 - httpx - INFO - HTTP Request: POST https://api.telegram.org/bot7915050099:AAH7egTXgsfZXInw02_yNqOm_B57pb20OpU/getUpdates "HTTP/1.1 200 OK"
2026-03-07 06:37:10,042 - httpx - INFO - HTTP Request: POST https://api.telegram.org/bot7915050099:AAH7egTXgsfZXInw02_yNqOm_B57pb20OpU/getUpdates "HTTP/1.1 200 OK"
2026-03-07 06:37:20,244 - httpx - INFO - HTTP Request: POST https://api.telegram.org/bot7915050099:AAH7egTXgsfZXInw02_yNqOm_B57pb20OpU/getUpdates "HTTP/1.1 200 OK"
2026-03-07 06:37:30,485 - httpx - INFO - HTTP Request: POST https://api.telegram.org/bot7915050099:AAH7egTXgsfZXInw02_yNqOm_B57pb20OpU/getUpdates "HTTP/1.1 200 OK"
2026-03-07 06:37:40,724 - httpx - INFO - HTTP Request: POST https://api.telegram.org/bot7915050099:AAH7egTXgsfZXInw02_yNqOm_B57pb20OpU/getUpdates "HTTP/1.1 200 OK"
